21:07:09 [main] INFO  tests.TC006_ContactUs - ========== Starting ==========
21:07:09 [main] INFO  tests.TC006_ContactUs - Opening Browser: chrome
21:07:11 [main] INFO  tests.TC006_ContactUs - Maximize the Window!
21:07:17 [main] INFO  tests.TC006_ContactUs - Opening the URL: https://www.automationexercise.com/
21:07:17 [main] INFO  tests.TC006_ContactUs - Clicked on contact Button!
21:07:20 [main] INFO  tests.TC006_ContactUs - Closeing the Browser!
21:07:20 [main] INFO  tests.TC006_ContactUs - ========== Ending ==========

21:07:20 [main] INFO  tests.TC000_HomePage - ========== Starting ==========
21:07:20 [main] INFO  tests.TC000_HomePage - Opening Browser: chrome
21:07:21 [main] INFO  tests.TC000_HomePage - Maximize the Window!
21:07:23 [main] INFO  tests.TC002_LoginUser - ========== Starting ==========
21:07:23 [main] INFO  tests.TC002_LoginUser - Opening Browser: chrome
21:07:24 [main] INFO  tests.TC002_LoginUser - Maximize the Window!
21:15:16 [main] INFO  tests.TC006_ContactUs - ========== Starting ==========
21:15:16 [main] INFO  tests.TC006_ContactUs - Opening Browser: chrome
21:15:26 [main] INFO  tests.TC006_ContactUs - Maximize the Window!
21:15:31 [main] INFO  tests.TC006_ContactUs - Opening the URL: https://www.automationexercise.com/
21:15:31 [main] INFO  tests.TC006_ContactUs - Clicked on contact Button!
21:15:33 [main] INFO  tests.TC006_ContactUs - Closeing the Browser!
21:15:33 [main] INFO  tests.TC006_ContactUs - ========== Ending ==========

21:15:33 [main] INFO  tests.TC000_HomePage - ========== Starting ==========
21:15:33 [main] INFO  tests.TC000_HomePage - Opening Browser: chrome
21:15:35 [main] INFO  tests.TC000_HomePage - Maximize the Window!
21:15:39 [main] INFO  tests.TC000_HomePage - Opening the URL: https://www.automationexercise.com/
21:15:39 [main] INFO  tests.TC000_HomePage - Verified Title: Automation Exercise
21:15:39 [main] INFO  tests.TC000_HomePage - Closeing the Browser!
21:15:39 [main] INFO  tests.TC000_HomePage - ========== Ending ==========

21:15:39 [main] INFO  tests.TC002_LoginUser - ========== Starting ==========
21:15:39 [main] INFO  tests.TC002_LoginUser - Opening Browser: chrome
21:15:40 [main] INFO  tests.TC002_LoginUser - Maximize the Window!
21:15:44 [main] INFO  tests.TC002_LoginUser - Opening the URL: https://www.automationexercise.com/
21:15:44 [main] INFO  tests.TC002_LoginUser - Clicked on signin Button!
21:15:45 [main] INFO  tests.TC002_LoginUser - Performing Login!
21:15:45 [main] INFO  tests.TC002_LoginUser - Sending Login Details- Email: vrturaj888@gmail.com| Password: Pass@1234
21:15:45 [main] INFO  tests.TC002_LoginUser - Click on Login Button
21:15:48 [main] INFO  tests.TC002_LoginUser - Verifying Logged in User Name: Logged in as user1
21:15:48 [main] INFO  tests.TC002_LoginUser - Clicked on logout Button!
21:15:49 [main] INFO  tests.TC002_LoginUser - Closeing the Browser!
21:15:49 [main] INFO  tests.TC002_LoginUser - ========== Ending ==========

21:15:49 [main] INFO  tests.TC004_LogOutUser - ========== Starting ==========
21:15:49 [main] INFO  tests.TC004_LogOutUser - Opening Browser: chrome
21:15:51 [main] INFO  tests.TC004_LogOutUser - Maximize the Window!
21:15:55 [main] INFO  tests.TC004_LogOutUser - Opening the URL: https://www.automationexercise.com/
21:15:55 [main] INFO  tests.TC004_LogOutUser - Clicked on signin Button!
21:15:56 [main] INFO  tests.TC004_LogOutUser - Performing Login!
21:15:56 [main] INFO  tests.TC004_LogOutUser - Sending Login Details- Email: vrturaj888@gmail.com| Password: Pass@1234
21:15:56 [main] INFO  tests.TC004_LogOutUser - Click on Login Button
21:15:59 [main] INFO  tests.TC004_LogOutUser - Verifying Logged in User Name: Logged in as user1
21:15:59 [main] INFO  tests.TC004_LogOutUser - Clicked on logout Button!
21:16:00 [main] INFO  tests.TC004_LogOutUser - Closeing the Browser!
21:16:00 [main] INFO  tests.TC004_LogOutUser - ========== Ending ==========

21:16:01 [main] INFO  tests.TC001_RegisterUser - ========== Starting ==========
21:16:01 [main] INFO  tests.TC001_RegisterUser - Opening Browser: chrome
21:16:02 [main] INFO  tests.TC001_RegisterUser - Maximize the Window!
21:16:06 [main] INFO  tests.TC001_RegisterUser - Opening the URL: https://www.automationexercise.com/
21:16:06 [main] INFO  tests.TC001_RegisterUser - Verified Title: Automation Exercise
21:16:06 [main] INFO  tests.TC001_RegisterUser - Clicked on signup Button!
21:16:07 [main] INFO  tests.TC001_RegisterUser - Entering the User Details!
21:16:07 [main] INFO  tests.TC001_RegisterUser - Set the Name: user1
21:16:08 [main] INFO  tests.TC001_RegisterUser - Set the Email: vrturaj888@gmail.com
21:16:11 [main] INFO  tests.TC001_RegisterUser - Clicked on SignUp Button
21:16:11 [main] INFO  tests.TC001_RegisterUser - Closeing the Browser!
21:16:11 [main] INFO  tests.TC001_RegisterUser - ========== Ending ==========

21:16:11 [main] INFO  tests.TC009_SearchProduct - ========== Starting ==========
21:16:11 [main] INFO  tests.TC009_SearchProduct - Opening Browser: chrome
21:16:13 [main] INFO  tests.TC009_SearchProduct - Maximize the Window!
21:16:17 [main] INFO  tests.TC009_SearchProduct - Opening the URL: https://www.automationexercise.com/
21:16:17 [main] INFO  tests.TC009_SearchProduct - Clicked on products Button!
21:16:31 [main] INFO  tests.TC009_SearchProduct - Closeing the Browser!
21:16:31 [main] INFO  tests.TC009_SearchProduct - ========== Ending ==========

21:16:31 [main] INFO  tests.TC008_Products - ========== Starting ==========
21:16:31 [main] INFO  tests.TC008_Products - Opening Browser: chrome
21:16:32 [main] INFO  tests.TC008_Products - Maximize the Window!
21:16:36 [main] INFO  tests.TC008_Products - Opening the URL: https://www.automationexercise.com/
21:16:36 [main] INFO  tests.TC008_Products - Clicked on products Button!
21:16:40 [main] INFO  tests.TC008_Products - Closeing the Browser!
21:16:40 [main] INFO  tests.TC008_Products - ========== Ending ==========

21:19:55 [main] INFO  tests.TC000_HomePage - ========== Starting ==========
21:19:55 [main] INFO  tests.TC000_HomePage - Opening Browser: chrome
21:19:56 [main] INFO  tests.TC000_HomePage - Maximize the Window!
21:20:01 [main] INFO  tests.TC000_HomePage - Opening the URL: https://www.automationexercise.com/
21:20:01 [main] INFO  tests.TC000_HomePage - Verified Title: Automation Exercise
21:20:01 [main] INFO  tests.TC000_HomePage - Closeing the Browser!
21:20:01 [main] INFO  tests.TC000_HomePage - ========== Ending ==========

