00:07:45 [main] INFO  tests.TC000_HomePage - ========== Starting ==========
00:07:45 [main] INFO  tests.TC000_HomePage - Opening Browser: chrome
00:07:47 [main] INFO  tests.TC000_HomePage - Maximize the Window!
00:07:54 [main] INFO  tests.TC000_HomePage - Opening the URL: https://www.automationexercise.com/
00:07:54 [main] INFO  tests.TC000_HomePage - Verified Title: Automation Exercise
00:07:54 [main] INFO  tests.TC000_HomePage - Closeing the Browser!
00:07:54 [main] INFO  tests.TC000_HomePage - ========== Ending ==========

00:10:14 [main] INFO  tests.TC001_RegisterUser - ========== Starting ==========
00:10:14 [main] INFO  tests.TC001_RegisterUser - Opening Browser: chrome
00:10:16 [main] INFO  tests.TC001_RegisterUser - Maximize the Window!
00:10:21 [main] INFO  tests.TC001_RegisterUser - Opening the URL: https://www.automationexercise.com/
00:10:21 [main] INFO  tests.TC001_RegisterUser - Verified Title: Automation Exercise
00:10:21 [main] INFO  com.pageObjects.HomePage - Clicked on signup Button!
00:10:23 [main] INFO  tests.TC001_RegisterUser - Entering the User Details!
00:10:23 [main] INFO  tests.TC001_RegisterUser - Set the Name: user1
00:10:24 [main] INFO  tests.TC001_RegisterUser - Set the Email: vrturaj888@gmail.com
00:10:25 [main] INFO  tests.TC001_RegisterUser - Clicked on SignUp Button
00:10:25 [main] INFO  tests.TC001_RegisterUser - Closeing the Browser!
00:10:25 [main] INFO  tests.TC001_RegisterUser - ========== Ending ==========

00:11:39 [main] INFO  tests.TC000_HomePage - ========== Starting ==========
00:11:39 [main] INFO  tests.TC000_HomePage - Opening Browser: chrome
00:11:41 [main] INFO  tests.TC000_HomePage - Maximize the Window!
00:11:45 [main] INFO  tests.TC000_HomePage - Opening the URL: https://www.automationexercise.com/
00:11:45 [main] INFO  tests.TC000_HomePage - Verified Title: Automation Exercise
00:11:45 [main] INFO  tests.TC000_HomePage - Closeing the Browser!
00:11:45 [main] INFO  tests.TC000_HomePage - ========== Ending ==========

00:12:20 [main] INFO  tests.TC000_HomePage - ========== Starting ==========
00:12:20 [main] INFO  tests.TC000_HomePage - Opening Browser: chrome
00:12:21 [main] INFO  tests.TC000_HomePage - Maximize the Window!
00:12:25 [main] INFO  tests.TC000_HomePage - Opening the URL: https://www.automationexercise.com/
00:12:25 [main] INFO  tests.TC000_HomePage - Verified Title: Automation Exercise
00:12:25 [main] INFO  tests.TC000_HomePage - Closeing the Browser!
00:12:25 [main] INFO  tests.TC000_HomePage - ========== Ending ==========

20:08:49 [main] INFO  tests.TC006_ContactUs - ========== Starting ==========
20:08:49 [main] INFO  tests.TC006_ContactUs - Opening Browser: chrome
20:08:54 [main] INFO  tests.TC006_ContactUs - Maximize the Window!
20:09:00 [main] INFO  tests.TC006_ContactUs - Opening the URL: https://www.automationexercise.com/
20:09:00 [main] INFO  tests.TC006_ContactUs - Clicked on contact Button!
20:09:04 [main] INFO  tests.TC006_ContactUs - Closeing the Browser!
20:09:04 [main] INFO  tests.TC006_ContactUs - ========== Ending ==========

20:09:05 [main] INFO  tests.TC000_HomePage - ========== Starting ==========
20:09:05 [main] INFO  tests.TC000_HomePage - Opening Browser: chrome
20:09:06 [main] INFO  tests.TC000_HomePage - Maximize the Window!
20:09:11 [main] INFO  tests.TC000_HomePage - Opening the URL: https://www.automationexercise.com/
20:09:11 [main] INFO  tests.TC000_HomePage - Verified Title: Automation Exercise
20:09:11 [main] INFO  tests.TC000_HomePage - Closeing the Browser!
20:09:11 [main] INFO  tests.TC000_HomePage - ========== Ending ==========

20:09:11 [main] INFO  tests.TC002_LoginUser - ========== Starting ==========
20:09:11 [main] INFO  tests.TC002_LoginUser - Opening Browser: chrome
20:09:13 [main] INFO  tests.TC002_LoginUser - Maximize the Window!
20:09:17 [main] INFO  tests.TC002_LoginUser - Opening the URL: https://www.automationexercise.com/
20:09:18 [main] INFO  tests.TC002_LoginUser - Clicked on signin Button!
20:09:18 [main] INFO  tests.TC002_LoginUser - Performing Login!
20:09:19 [main] INFO  tests.TC002_LoginUser - Sending Login Details- Email: vrturaj888@gmail.com| Password: Pass@1234
20:09:19 [main] INFO  tests.TC002_LoginUser - Click on Login Button
20:09:22 [main] INFO  tests.TC002_LoginUser - Verifying Logged in User Name: Logged in as user1
20:09:22 [main] INFO  tests.TC002_LoginUser - Clicked on logout Button!
20:09:24 [main] INFO  tests.TC002_LoginUser - Closeing the Browser!
20:09:24 [main] INFO  tests.TC002_LoginUser - ========== Ending ==========

20:09:24 [main] INFO  tests.TC004_LogOutUser - ========== Starting ==========
20:09:24 [main] INFO  tests.TC004_LogOutUser - Opening Browser: chrome
20:09:25 [main] INFO  tests.TC004_LogOutUser - Maximize the Window!
20:09:32 [main] INFO  tests.TC004_LogOutUser - Opening the URL: https://www.automationexercise.com/
20:09:32 [main] INFO  tests.TC004_LogOutUser - Clicked on signin Button!
20:09:32 [main] INFO  tests.TC004_LogOutUser - Performing Login!
20:09:33 [main] INFO  tests.TC004_LogOutUser - Sending Login Details- Email: vrturaj888@gmail.com| Password: Pass@1234
20:09:33 [main] INFO  tests.TC004_LogOutUser - Click on Login Button
20:09:36 [main] INFO  tests.TC004_LogOutUser - Verifying Logged in User Name: Logged in as user1
20:09:36 [main] INFO  tests.TC004_LogOutUser - Clicked on logout Button!
20:09:37 [main] INFO  tests.TC004_LogOutUser - Closeing the Browser!
20:09:37 [main] INFO  tests.TC004_LogOutUser - ========== Ending ==========

20:09:37 [main] INFO  tests.TC001_RegisterUser - ========== Starting ==========
20:09:37 [main] INFO  tests.TC001_RegisterUser - Opening Browser: chrome
20:09:40 [main] INFO  tests.TC001_RegisterUser - Maximize the Window!
20:09:43 [main] INFO  tests.TC001_RegisterUser - Opening the URL: https://www.automationexercise.com/
20:09:44 [main] INFO  tests.TC001_RegisterUser - Verified Title: Automation Exercise
20:09:44 [main] INFO  tests.TC001_RegisterUser - Clicked on signup Button!
20:09:45 [main] INFO  tests.TC001_RegisterUser - Entering the User Details!
20:09:45 [main] INFO  tests.TC001_RegisterUser - Set the Name: user1
20:09:45 [main] INFO  tests.TC001_RegisterUser - Set the Email: vrturaj888@gmail.com
20:09:45 [main] INFO  tests.TC001_RegisterUser - Clicked on SignUp Button
20:09:47 [main] INFO  tests.TC001_RegisterUser - Closeing the Browser!
20:09:47 [main] INFO  tests.TC001_RegisterUser - ========== Ending ==========

20:09:47 [main] INFO  tests.TC009_SearchProduct - ========== Starting ==========
20:09:47 [main] INFO  tests.TC009_SearchProduct - Opening Browser: chrome
20:09:49 [main] INFO  tests.TC009_SearchProduct - Maximize the Window!
20:09:55 [main] INFO  tests.TC009_SearchProduct - Opening the URL: https://www.automationexercise.com/
20:09:55 [main] INFO  tests.TC009_SearchProduct - Clicked on products Button!
20:10:09 [main] INFO  tests.TC009_SearchProduct - Closeing the Browser!
20:10:09 [main] INFO  tests.TC009_SearchProduct - ========== Ending ==========

20:10:10 [main] INFO  tests.TC008_Products - ========== Starting ==========
20:10:10 [main] INFO  tests.TC008_Products - Opening Browser: chrome
20:10:11 [main] INFO  tests.TC008_Products - Maximize the Window!
20:10:16 [main] INFO  tests.TC008_Products - Opening the URL: https://www.automationexercise.com/
20:10:16 [main] INFO  tests.TC008_Products - Clicked on products Button!
20:10:22 [main] INFO  tests.TC008_Products - Closeing the Browser!
20:10:22 [main] INFO  tests.TC008_Products - ========== Ending ==========

